ARM GAS  C:\Users\DAVID~1.FOB\AppData\Local\Temp\ccyN29Y2.s 			page 1


   1              		.cpu cortex-m4
   2              		.arch armv7e-m
   3              		.fpu softvfp
   4              		.eabi_attribute 20, 1
   5              		.eabi_attribute 21, 1
   6              		.eabi_attribute 23, 3
   7              		.eabi_attribute 24, 1
   8              		.eabi_attribute 25, 1
   9              		.eabi_attribute 26, 1
  10              		.eabi_attribute 30, 1
  11              		.eabi_attribute 34, 1
  12              		.eabi_attribute 18, 4
  13              		.file	"stm32wlxx_hal_dma_ex.c"
  14              		.text
  15              	.Ltext0:
  16              		.cfi_sections	.debug_frame
  17              		.file 1 "Drivers/STM32WLxx_HAL_Driver/Src/stm32wlxx_hal_dma_ex.c"
  18              		.section	.text.HAL_DMAEx_ConfigMuxSync,"ax",%progbits
  19              		.align	1
  20              		.global	HAL_DMAEx_ConfigMuxSync
  21              		.syntax unified
  22              		.thumb
  23              		.thumb_func
  25              	HAL_DMAEx_ConfigMuxSync:
  26              	.LVL0:
  27              	.LFB851:
   1:Drivers/STM32WLxx_HAL_Driver/Src/stm32wlxx_hal_dma_ex.c **** /**
   2:Drivers/STM32WLxx_HAL_Driver/Src/stm32wlxx_hal_dma_ex.c ****   ******************************************************************************
   3:Drivers/STM32WLxx_HAL_Driver/Src/stm32wlxx_hal_dma_ex.c ****   * @file    stm32wlxx_hal_dma_ex.c
   4:Drivers/STM32WLxx_HAL_Driver/Src/stm32wlxx_hal_dma_ex.c ****   * @author  MCD Application Team
   5:Drivers/STM32WLxx_HAL_Driver/Src/stm32wlxx_hal_dma_ex.c ****   * @brief   DMA Extension HAL module driver
   6:Drivers/STM32WLxx_HAL_Driver/Src/stm32wlxx_hal_dma_ex.c ****   *         This file provides firmware functions to manage the following
   7:Drivers/STM32WLxx_HAL_Driver/Src/stm32wlxx_hal_dma_ex.c ****   *         functionalities of the DMA Extension peripheral:
   8:Drivers/STM32WLxx_HAL_Driver/Src/stm32wlxx_hal_dma_ex.c ****   *           + Extended features functions
   9:Drivers/STM32WLxx_HAL_Driver/Src/stm32wlxx_hal_dma_ex.c ****   *
  10:Drivers/STM32WLxx_HAL_Driver/Src/stm32wlxx_hal_dma_ex.c ****   ******************************************************************************
  11:Drivers/STM32WLxx_HAL_Driver/Src/stm32wlxx_hal_dma_ex.c ****   * @attention
  12:Drivers/STM32WLxx_HAL_Driver/Src/stm32wlxx_hal_dma_ex.c ****   *
  13:Drivers/STM32WLxx_HAL_Driver/Src/stm32wlxx_hal_dma_ex.c ****   * Copyright (c) 2020 STMicroelectronics.
  14:Drivers/STM32WLxx_HAL_Driver/Src/stm32wlxx_hal_dma_ex.c ****   * All rights reserved.
  15:Drivers/STM32WLxx_HAL_Driver/Src/stm32wlxx_hal_dma_ex.c ****   *
  16:Drivers/STM32WLxx_HAL_Driver/Src/stm32wlxx_hal_dma_ex.c ****   * This software is licensed under terms that can be found in the LICENSE file
  17:Drivers/STM32WLxx_HAL_Driver/Src/stm32wlxx_hal_dma_ex.c ****   * in the root directory of this software component.
  18:Drivers/STM32WLxx_HAL_Driver/Src/stm32wlxx_hal_dma_ex.c ****   * If no LICENSE file comes with this software, it is provided AS-IS.
  19:Drivers/STM32WLxx_HAL_Driver/Src/stm32wlxx_hal_dma_ex.c ****   *
  20:Drivers/STM32WLxx_HAL_Driver/Src/stm32wlxx_hal_dma_ex.c ****   ******************************************************************************
  21:Drivers/STM32WLxx_HAL_Driver/Src/stm32wlxx_hal_dma_ex.c ****   @verbatim
  22:Drivers/STM32WLxx_HAL_Driver/Src/stm32wlxx_hal_dma_ex.c ****   ==============================================================================
  23:Drivers/STM32WLxx_HAL_Driver/Src/stm32wlxx_hal_dma_ex.c ****                         ##### How to use this driver #####
  24:Drivers/STM32WLxx_HAL_Driver/Src/stm32wlxx_hal_dma_ex.c ****   ==============================================================================
  25:Drivers/STM32WLxx_HAL_Driver/Src/stm32wlxx_hal_dma_ex.c ****   [..]
  26:Drivers/STM32WLxx_HAL_Driver/Src/stm32wlxx_hal_dma_ex.c ****   The DMA Extension HAL driver can be used as follows:
  27:Drivers/STM32WLxx_HAL_Driver/Src/stm32wlxx_hal_dma_ex.c ****    (+) Configure the DMAMUX Synchronization Block using HAL_DMAEx_ConfigMuxSync function.
  28:Drivers/STM32WLxx_HAL_Driver/Src/stm32wlxx_hal_dma_ex.c ****    (+) Configure the DMAMUX Request Generator Block using HAL_DMAEx_ConfigMuxRequestGenerator funct
  29:Drivers/STM32WLxx_HAL_Driver/Src/stm32wlxx_hal_dma_ex.c ****        Functions HAL_DMAEx_EnableMuxRequestGenerator and HAL_DMAEx_DisableMuxRequestGenerator can t
  30:Drivers/STM32WLxx_HAL_Driver/Src/stm32wlxx_hal_dma_ex.c ****        to respectively enable/disable the request generator.
  31:Drivers/STM32WLxx_HAL_Driver/Src/stm32wlxx_hal_dma_ex.c **** 
ARM GAS  C:\Users\DAVID~1.FOB\AppData\Local\Temp\ccyN29Y2.s 			page 2


  32:Drivers/STM32WLxx_HAL_Driver/Src/stm32wlxx_hal_dma_ex.c ****    (+) To handle the DMAMUX Interrupts, the function  HAL_DMAEx_MUX_IRQHandler should be called fro
  33:Drivers/STM32WLxx_HAL_Driver/Src/stm32wlxx_hal_dma_ex.c ****        the DMAMUX IRQ handler i.e DMAMUX1_OVR_IRQHandler.
  34:Drivers/STM32WLxx_HAL_Driver/Src/stm32wlxx_hal_dma_ex.c ****        As only one interrupt line is available for all DMAMUX channels and request generators , HAL
  35:Drivers/STM32WLxx_HAL_Driver/Src/stm32wlxx_hal_dma_ex.c ****        called with, as parameter, the appropriate DMA handle as many as used DMAs in the user proje
  36:Drivers/STM32WLxx_HAL_Driver/Src/stm32wlxx_hal_dma_ex.c ****       (exception done if a given DMA is not using the DMAMUX SYNC block neither a request generator
  37:Drivers/STM32WLxx_HAL_Driver/Src/stm32wlxx_hal_dma_ex.c **** 
  38:Drivers/STM32WLxx_HAL_Driver/Src/stm32wlxx_hal_dma_ex.c ****   @endverbatim
  39:Drivers/STM32WLxx_HAL_Driver/Src/stm32wlxx_hal_dma_ex.c ****   ******************************************************************************
  40:Drivers/STM32WLxx_HAL_Driver/Src/stm32wlxx_hal_dma_ex.c ****   */
  41:Drivers/STM32WLxx_HAL_Driver/Src/stm32wlxx_hal_dma_ex.c **** 
  42:Drivers/STM32WLxx_HAL_Driver/Src/stm32wlxx_hal_dma_ex.c **** /* Includes ------------------------------------------------------------------*/
  43:Drivers/STM32WLxx_HAL_Driver/Src/stm32wlxx_hal_dma_ex.c **** #include "stm32wlxx_hal.h"
  44:Drivers/STM32WLxx_HAL_Driver/Src/stm32wlxx_hal_dma_ex.c **** 
  45:Drivers/STM32WLxx_HAL_Driver/Src/stm32wlxx_hal_dma_ex.c **** /** @addtogroup STM32WLxx_HAL_Driver
  46:Drivers/STM32WLxx_HAL_Driver/Src/stm32wlxx_hal_dma_ex.c ****   * @{
  47:Drivers/STM32WLxx_HAL_Driver/Src/stm32wlxx_hal_dma_ex.c ****   */
  48:Drivers/STM32WLxx_HAL_Driver/Src/stm32wlxx_hal_dma_ex.c **** 
  49:Drivers/STM32WLxx_HAL_Driver/Src/stm32wlxx_hal_dma_ex.c **** /** @defgroup DMAEx DMAEx
  50:Drivers/STM32WLxx_HAL_Driver/Src/stm32wlxx_hal_dma_ex.c ****   * @brief DMA Extended HAL module driver
  51:Drivers/STM32WLxx_HAL_Driver/Src/stm32wlxx_hal_dma_ex.c ****   * @{
  52:Drivers/STM32WLxx_HAL_Driver/Src/stm32wlxx_hal_dma_ex.c ****   */
  53:Drivers/STM32WLxx_HAL_Driver/Src/stm32wlxx_hal_dma_ex.c **** 
  54:Drivers/STM32WLxx_HAL_Driver/Src/stm32wlxx_hal_dma_ex.c **** #ifdef HAL_DMA_MODULE_ENABLED
  55:Drivers/STM32WLxx_HAL_Driver/Src/stm32wlxx_hal_dma_ex.c **** 
  56:Drivers/STM32WLxx_HAL_Driver/Src/stm32wlxx_hal_dma_ex.c **** /* Private typedef -----------------------------------------------------------*/
  57:Drivers/STM32WLxx_HAL_Driver/Src/stm32wlxx_hal_dma_ex.c **** /* Private define ------------------------------------------------------------*/
  58:Drivers/STM32WLxx_HAL_Driver/Src/stm32wlxx_hal_dma_ex.c **** /* Private macro -------------------------------------------------------------*/
  59:Drivers/STM32WLxx_HAL_Driver/Src/stm32wlxx_hal_dma_ex.c **** /* Private variables ---------------------------------------------------------*/
  60:Drivers/STM32WLxx_HAL_Driver/Src/stm32wlxx_hal_dma_ex.c **** /* Private Constants ---------------------------------------------------------*/
  61:Drivers/STM32WLxx_HAL_Driver/Src/stm32wlxx_hal_dma_ex.c **** /* Private function prototypes -----------------------------------------------*/
  62:Drivers/STM32WLxx_HAL_Driver/Src/stm32wlxx_hal_dma_ex.c **** /* Exported functions --------------------------------------------------------*/
  63:Drivers/STM32WLxx_HAL_Driver/Src/stm32wlxx_hal_dma_ex.c **** 
  64:Drivers/STM32WLxx_HAL_Driver/Src/stm32wlxx_hal_dma_ex.c **** 
  65:Drivers/STM32WLxx_HAL_Driver/Src/stm32wlxx_hal_dma_ex.c **** /** @defgroup DMAEx_Exported_Functions DMAEx Exported Functions
  66:Drivers/STM32WLxx_HAL_Driver/Src/stm32wlxx_hal_dma_ex.c ****   * @{
  67:Drivers/STM32WLxx_HAL_Driver/Src/stm32wlxx_hal_dma_ex.c ****   */
  68:Drivers/STM32WLxx_HAL_Driver/Src/stm32wlxx_hal_dma_ex.c **** 
  69:Drivers/STM32WLxx_HAL_Driver/Src/stm32wlxx_hal_dma_ex.c **** /** @defgroup DMAEx_Exported_Functions_Group1 DMAEx Extended features functions
  70:Drivers/STM32WLxx_HAL_Driver/Src/stm32wlxx_hal_dma_ex.c ****  *  @brief   Extended features functions
  71:Drivers/STM32WLxx_HAL_Driver/Src/stm32wlxx_hal_dma_ex.c ****  *
  72:Drivers/STM32WLxx_HAL_Driver/Src/stm32wlxx_hal_dma_ex.c **** @verbatim
  73:Drivers/STM32WLxx_HAL_Driver/Src/stm32wlxx_hal_dma_ex.c ****  ===============================================================================
  74:Drivers/STM32WLxx_HAL_Driver/Src/stm32wlxx_hal_dma_ex.c ****                 #####  Extended features functions  #####
  75:Drivers/STM32WLxx_HAL_Driver/Src/stm32wlxx_hal_dma_ex.c ****  ===============================================================================
  76:Drivers/STM32WLxx_HAL_Driver/Src/stm32wlxx_hal_dma_ex.c ****     [..]  This section provides functions allowing to:
  77:Drivers/STM32WLxx_HAL_Driver/Src/stm32wlxx_hal_dma_ex.c **** 
  78:Drivers/STM32WLxx_HAL_Driver/Src/stm32wlxx_hal_dma_ex.c ****     (+) Configure the DMAMUX Synchronization Block using HAL_DMAEx_ConfigMuxSync function.
  79:Drivers/STM32WLxx_HAL_Driver/Src/stm32wlxx_hal_dma_ex.c ****     (+) Configure the DMAMUX Request Generator Block using HAL_DMAEx_ConfigMuxRequestGenerator func
  80:Drivers/STM32WLxx_HAL_Driver/Src/stm32wlxx_hal_dma_ex.c ****        Functions HAL_DMAEx_EnableMuxRequestGenerator and HAL_DMAEx_DisableMuxRequestGenerator can t
  81:Drivers/STM32WLxx_HAL_Driver/Src/stm32wlxx_hal_dma_ex.c ****        to respectively enable/disable the request generator.
  82:Drivers/STM32WLxx_HAL_Driver/Src/stm32wlxx_hal_dma_ex.c ****     (+) Handle DMAMUX interrupts using HAL_DMAEx_MUX_IRQHandler : should be called from
  83:Drivers/STM32WLxx_HAL_Driver/Src/stm32wlxx_hal_dma_ex.c ****         the DMAMUX IRQ handler
  84:Drivers/STM32WLxx_HAL_Driver/Src/stm32wlxx_hal_dma_ex.c **** 
  85:Drivers/STM32WLxx_HAL_Driver/Src/stm32wlxx_hal_dma_ex.c **** @endverbatim
  86:Drivers/STM32WLxx_HAL_Driver/Src/stm32wlxx_hal_dma_ex.c ****   * @{
  87:Drivers/STM32WLxx_HAL_Driver/Src/stm32wlxx_hal_dma_ex.c ****   */
  88:Drivers/STM32WLxx_HAL_Driver/Src/stm32wlxx_hal_dma_ex.c **** 
ARM GAS  C:\Users\DAVID~1.FOB\AppData\Local\Temp\ccyN29Y2.s 			page 3


  89:Drivers/STM32WLxx_HAL_Driver/Src/stm32wlxx_hal_dma_ex.c **** /**
  90:Drivers/STM32WLxx_HAL_Driver/Src/stm32wlxx_hal_dma_ex.c ****   * @brief Configure the DMAMUX synchronization parameters for a given DMA channel (instance).
  91:Drivers/STM32WLxx_HAL_Driver/Src/stm32wlxx_hal_dma_ex.c ****   * @param hdma Pointer to a DMA_HandleTypeDef structure that contains
  92:Drivers/STM32WLxx_HAL_Driver/Src/stm32wlxx_hal_dma_ex.c ****   *             the configuration information for the specified DMA channel.
  93:Drivers/STM32WLxx_HAL_Driver/Src/stm32wlxx_hal_dma_ex.c ****   * @param pSyncConfig Pointer to HAL_DMA_MuxSyncConfigTypeDef contains the DMAMUX synchronization 
  94:Drivers/STM32WLxx_HAL_Driver/Src/stm32wlxx_hal_dma_ex.c ****   * @retval HAL status
  95:Drivers/STM32WLxx_HAL_Driver/Src/stm32wlxx_hal_dma_ex.c ****   */
  96:Drivers/STM32WLxx_HAL_Driver/Src/stm32wlxx_hal_dma_ex.c **** HAL_StatusTypeDef HAL_DMAEx_ConfigMuxSync(DMA_HandleTypeDef *hdma, HAL_DMA_MuxSyncConfigTypeDef *pS
  97:Drivers/STM32WLxx_HAL_Driver/Src/stm32wlxx_hal_dma_ex.c **** {
  28              		.loc 1 97 1 view -0
  29              		.cfi_startproc
  30              		@ args = 0, pretend = 0, frame = 0
  31              		@ frame_needed = 0, uses_anonymous_args = 0
  32              		@ link register save eliminated.
  98:Drivers/STM32WLxx_HAL_Driver/Src/stm32wlxx_hal_dma_ex.c ****   /* Check the parameters */
  99:Drivers/STM32WLxx_HAL_Driver/Src/stm32wlxx_hal_dma_ex.c ****   assert_param(IS_DMA_ALL_INSTANCE(hdma->Instance));
  33              		.loc 1 99 3 view .LVU1
 100:Drivers/STM32WLxx_HAL_Driver/Src/stm32wlxx_hal_dma_ex.c **** 
 101:Drivers/STM32WLxx_HAL_Driver/Src/stm32wlxx_hal_dma_ex.c ****   assert_param(IS_DMAMUX_SYNC_SIGNAL_ID(pSyncConfig->SyncSignalID));
  34              		.loc 1 101 3 view .LVU2
 102:Drivers/STM32WLxx_HAL_Driver/Src/stm32wlxx_hal_dma_ex.c **** 
 103:Drivers/STM32WLxx_HAL_Driver/Src/stm32wlxx_hal_dma_ex.c ****   assert_param(IS_DMAMUX_SYNC_POLARITY(pSyncConfig-> SyncPolarity));
  35              		.loc 1 103 3 view .LVU3
 104:Drivers/STM32WLxx_HAL_Driver/Src/stm32wlxx_hal_dma_ex.c ****   assert_param(IS_DMAMUX_SYNC_STATE(pSyncConfig->SyncEnable));
  36              		.loc 1 104 3 view .LVU4
 105:Drivers/STM32WLxx_HAL_Driver/Src/stm32wlxx_hal_dma_ex.c ****   assert_param(IS_DMAMUX_SYNC_EVENT(pSyncConfig->EventEnable));
  37              		.loc 1 105 3 view .LVU5
 106:Drivers/STM32WLxx_HAL_Driver/Src/stm32wlxx_hal_dma_ex.c ****   assert_param(IS_DMAMUX_SYNC_REQUEST_NUMBER(pSyncConfig->RequestNumber));
  38              		.loc 1 106 3 view .LVU6
 107:Drivers/STM32WLxx_HAL_Driver/Src/stm32wlxx_hal_dma_ex.c **** 
 108:Drivers/STM32WLxx_HAL_Driver/Src/stm32wlxx_hal_dma_ex.c ****   /*Check if the DMA state is ready */
 109:Drivers/STM32WLxx_HAL_Driver/Src/stm32wlxx_hal_dma_ex.c ****   if (hdma->State == HAL_DMA_STATE_READY)
  39              		.loc 1 109 3 view .LVU7
  40              		.loc 1 109 11 is_stmt 0 view .LVU8
  41 0000 90F82530 		ldrb	r3, [r0, #37]	@ zero_extendqisi2
  42 0004 DBB2     		uxtb	r3, r3
  43              		.loc 1 109 6 view .LVU9
  44 0006 012B     		cmp	r3, #1
  45 0008 22D1     		bne	.L2
 110:Drivers/STM32WLxx_HAL_Driver/Src/stm32wlxx_hal_dma_ex.c ****   {
 111:Drivers/STM32WLxx_HAL_Driver/Src/stm32wlxx_hal_dma_ex.c ****     /* Process Locked */
 112:Drivers/STM32WLxx_HAL_Driver/Src/stm32wlxx_hal_dma_ex.c ****     __HAL_LOCK(hdma);
  46              		.loc 1 112 5 is_stmt 1 view .LVU10
  47              		.loc 1 112 5 view .LVU11
  48 000a 90F82430 		ldrb	r3, [r0, #36]	@ zero_extendqisi2
  49 000e 012B     		cmp	r3, #1
  50 0010 22D0     		beq	.L4
  97:Drivers/STM32WLxx_HAL_Driver/Src/stm32wlxx_hal_dma_ex.c ****   /* Check the parameters */
  51              		.loc 1 97 1 is_stmt 0 discriminator 2 view .LVU12
  52 0012 30B4     		push	{r4, r5}
  53              		.cfi_def_cfa_offset 8
  54              		.cfi_offset 4, -8
  55              		.cfi_offset 5, -4
  56              		.loc 1 112 5 is_stmt 1 discriminator 2 view .LVU13
  57 0014 0123     		movs	r3, #1
  58 0016 80F82430 		strb	r3, [r0, #36]
  59              		.loc 1 112 5 discriminator 2 view .LVU14
ARM GAS  C:\Users\DAVID~1.FOB\AppData\Local\Temp\ccyN29Y2.s 			page 4


 113:Drivers/STM32WLxx_HAL_Driver/Src/stm32wlxx_hal_dma_ex.c **** 
 114:Drivers/STM32WLxx_HAL_Driver/Src/stm32wlxx_hal_dma_ex.c ****     /* Set the new synchronization parameters (and keep the request ID filled during the Init)*/
 115:Drivers/STM32WLxx_HAL_Driver/Src/stm32wlxx_hal_dma_ex.c ****     MODIFY_REG(hdma->DMAmuxChannel->CCR, \
  60              		.loc 1 115 5 discriminator 2 view .LVU15
  61 001a 846C     		ldr	r4, [r0, #72]
  62 001c 2268     		ldr	r2, [r4]
  63 001e 02F07F02 		and	r2, r2, #127
  64 0022 0B68     		ldr	r3, [r1]
  65 0024 CD68     		ldr	r5, [r1, #12]
  66 0026 05F1FF3C 		add	ip, r5, #-1
  67 002a 43EACC43 		orr	r3, r3, ip, lsl #19
  68 002e 4D68     		ldr	r5, [r1, #4]
  69 0030 2B43     		orrs	r3, r3, r5
  70 0032 91F808C0 		ldrb	ip, [r1, #8]	@ zero_extendqisi2
  71 0036 43EA0C43 		orr	r3, r3, ip, lsl #16
  72 003a 497A     		ldrb	r1, [r1, #9]	@ zero_extendqisi2
  73              	.LVL1:
  74              		.loc 1 115 5 is_stmt 0 discriminator 2 view .LVU16
  75 003c 43EA4123 		orr	r3, r3, r1, lsl #9
  76 0040 1343     		orrs	r3, r3, r2
  77 0042 2360     		str	r3, [r4]
 116:Drivers/STM32WLxx_HAL_Driver/Src/stm32wlxx_hal_dma_ex.c ****                (~DMAMUX_CxCR_DMAREQ_ID), \
 117:Drivers/STM32WLxx_HAL_Driver/Src/stm32wlxx_hal_dma_ex.c ****                (pSyncConfig->SyncSignalID | ((pSyncConfig->RequestNumber - 1U) << DMAMUX_CxCR_NBREQ
 118:Drivers/STM32WLxx_HAL_Driver/Src/stm32wlxx_hal_dma_ex.c ****                 pSyncConfig->SyncPolarity | ((uint32_t)pSyncConfig->SyncEnable << DMAMUX_CxCR_SE_Po
 119:Drivers/STM32WLxx_HAL_Driver/Src/stm32wlxx_hal_dma_ex.c ****                 ((uint32_t)pSyncConfig->EventEnable << DMAMUX_CxCR_EGE_Pos)));
 120:Drivers/STM32WLxx_HAL_Driver/Src/stm32wlxx_hal_dma_ex.c **** 
 121:Drivers/STM32WLxx_HAL_Driver/Src/stm32wlxx_hal_dma_ex.c ****     /* Process UnLocked */
 122:Drivers/STM32WLxx_HAL_Driver/Src/stm32wlxx_hal_dma_ex.c ****     __HAL_UNLOCK(hdma);
  78              		.loc 1 122 5 is_stmt 1 discriminator 2 view .LVU17
  79              		.loc 1 122 5 discriminator 2 view .LVU18
  80 0044 0023     		movs	r3, #0
  81 0046 80F82430 		strb	r3, [r0, #36]
  82              		.loc 1 122 5 discriminator 2 view .LVU19
 123:Drivers/STM32WLxx_HAL_Driver/Src/stm32wlxx_hal_dma_ex.c **** 
 124:Drivers/STM32WLxx_HAL_Driver/Src/stm32wlxx_hal_dma_ex.c ****     return HAL_OK;
  83              		.loc 1 124 5 discriminator 2 view .LVU20
  84              		.loc 1 124 12 is_stmt 0 discriminator 2 view .LVU21
  85 004a 1846     		mov	r0, r3
  86              	.LVL2:
 125:Drivers/STM32WLxx_HAL_Driver/Src/stm32wlxx_hal_dma_ex.c ****   }
 126:Drivers/STM32WLxx_HAL_Driver/Src/stm32wlxx_hal_dma_ex.c ****   else
 127:Drivers/STM32WLxx_HAL_Driver/Src/stm32wlxx_hal_dma_ex.c ****   {
 128:Drivers/STM32WLxx_HAL_Driver/Src/stm32wlxx_hal_dma_ex.c ****     /* Set the error code to busy */
 129:Drivers/STM32WLxx_HAL_Driver/Src/stm32wlxx_hal_dma_ex.c ****     hdma->ErrorCode = HAL_DMA_ERROR_BUSY;
 130:Drivers/STM32WLxx_HAL_Driver/Src/stm32wlxx_hal_dma_ex.c **** 
 131:Drivers/STM32WLxx_HAL_Driver/Src/stm32wlxx_hal_dma_ex.c ****     /* Return error status */
 132:Drivers/STM32WLxx_HAL_Driver/Src/stm32wlxx_hal_dma_ex.c ****     return HAL_ERROR;
 133:Drivers/STM32WLxx_HAL_Driver/Src/stm32wlxx_hal_dma_ex.c ****   }
 134:Drivers/STM32WLxx_HAL_Driver/Src/stm32wlxx_hal_dma_ex.c **** }
  87              		.loc 1 134 1 discriminator 2 view .LVU22
  88 004c 30BC     		pop	{r4, r5}
  89              		.cfi_restore 5
  90              		.cfi_restore 4
  91              		.cfi_def_cfa_offset 0
  92 004e 7047     		bx	lr
  93              	.LVL3:
  94              	.L2:
ARM GAS  C:\Users\DAVID~1.FOB\AppData\Local\Temp\ccyN29Y2.s 			page 5


 129:Drivers/STM32WLxx_HAL_Driver/Src/stm32wlxx_hal_dma_ex.c **** 
  95              		.loc 1 129 5 is_stmt 1 view .LVU23
 129:Drivers/STM32WLxx_HAL_Driver/Src/stm32wlxx_hal_dma_ex.c **** 
  96              		.loc 1 129 21 is_stmt 0 view .LVU24
  97 0050 8023     		movs	r3, #128
  98 0052 C363     		str	r3, [r0, #60]
 132:Drivers/STM32WLxx_HAL_Driver/Src/stm32wlxx_hal_dma_ex.c ****   }
  99              		.loc 1 132 5 is_stmt 1 view .LVU25
 132:Drivers/STM32WLxx_HAL_Driver/Src/stm32wlxx_hal_dma_ex.c ****   }
 100              		.loc 1 132 12 is_stmt 0 view .LVU26
 101 0054 0120     		movs	r0, #1
 102              	.LVL4:
 132:Drivers/STM32WLxx_HAL_Driver/Src/stm32wlxx_hal_dma_ex.c ****   }
 103              		.loc 1 132 12 view .LVU27
 104 0056 7047     		bx	lr
 105              	.LVL5:
 106              	.L4:
 112:Drivers/STM32WLxx_HAL_Driver/Src/stm32wlxx_hal_dma_ex.c **** 
 107              		.loc 1 112 5 view .LVU28
 108 0058 0220     		movs	r0, #2
 109              	.LVL6:
 110              		.loc 1 134 1 view .LVU29
 111 005a 7047     		bx	lr
 112              		.cfi_endproc
 113              	.LFE851:
 115              		.section	.text.HAL_DMAEx_ConfigMuxRequestGenerator,"ax",%progbits
 116              		.align	1
 117              		.global	HAL_DMAEx_ConfigMuxRequestGenerator
 118              		.syntax unified
 119              		.thumb
 120              		.thumb_func
 122              	HAL_DMAEx_ConfigMuxRequestGenerator:
 123              	.LVL7:
 124              	.LFB852:
 135:Drivers/STM32WLxx_HAL_Driver/Src/stm32wlxx_hal_dma_ex.c **** 
 136:Drivers/STM32WLxx_HAL_Driver/Src/stm32wlxx_hal_dma_ex.c **** /**
 137:Drivers/STM32WLxx_HAL_Driver/Src/stm32wlxx_hal_dma_ex.c ****   * @brief Configure the DMAMUX request generator block used by the given DMA channel (instance).
 138:Drivers/STM32WLxx_HAL_Driver/Src/stm32wlxx_hal_dma_ex.c ****   * @param hdma Pointer to a DMA_HandleTypeDef structure that contains
 139:Drivers/STM32WLxx_HAL_Driver/Src/stm32wlxx_hal_dma_ex.c ****   *             the configuration information for the specified DMA channel.
 140:Drivers/STM32WLxx_HAL_Driver/Src/stm32wlxx_hal_dma_ex.c ****   * @param pRequestGeneratorConfig Pointer to HAL_DMA_MuxRequestGeneratorConfigTypeDef
 141:Drivers/STM32WLxx_HAL_Driver/Src/stm32wlxx_hal_dma_ex.c ****   *                                contains the request generator parameters.
 142:Drivers/STM32WLxx_HAL_Driver/Src/stm32wlxx_hal_dma_ex.c ****   *
 143:Drivers/STM32WLxx_HAL_Driver/Src/stm32wlxx_hal_dma_ex.c ****   * @retval HAL status
 144:Drivers/STM32WLxx_HAL_Driver/Src/stm32wlxx_hal_dma_ex.c ****   */
 145:Drivers/STM32WLxx_HAL_Driver/Src/stm32wlxx_hal_dma_ex.c **** HAL_StatusTypeDef HAL_DMAEx_ConfigMuxRequestGenerator(DMA_HandleTypeDef *hdma, HAL_DMA_MuxRequestGe
 146:Drivers/STM32WLxx_HAL_Driver/Src/stm32wlxx_hal_dma_ex.c **** {
 125              		.loc 1 146 1 is_stmt 1 view -0
 126              		.cfi_startproc
 127              		@ args = 0, pretend = 0, frame = 0
 128              		@ frame_needed = 0, uses_anonymous_args = 0
 129              		@ link register save eliminated.
 147:Drivers/STM32WLxx_HAL_Driver/Src/stm32wlxx_hal_dma_ex.c ****   HAL_StatusTypeDef status;
 130              		.loc 1 147 3 view .LVU31
 148:Drivers/STM32WLxx_HAL_Driver/Src/stm32wlxx_hal_dma_ex.c ****   HAL_DMA_StateTypeDef temp_state = hdma->State;
 131              		.loc 1 148 3 view .LVU32
 132              		.loc 1 148 24 is_stmt 0 view .LVU33
 133 0000 90F82530 		ldrb	r3, [r0, #37]	@ zero_extendqisi2
ARM GAS  C:\Users\DAVID~1.FOB\AppData\Local\Temp\ccyN29Y2.s 			page 6


 134              	.LVL8:
 149:Drivers/STM32WLxx_HAL_Driver/Src/stm32wlxx_hal_dma_ex.c **** 
 150:Drivers/STM32WLxx_HAL_Driver/Src/stm32wlxx_hal_dma_ex.c ****   /* Check the parameters */
 151:Drivers/STM32WLxx_HAL_Driver/Src/stm32wlxx_hal_dma_ex.c ****   assert_param(IS_DMA_ALL_INSTANCE(hdma->Instance));
 135              		.loc 1 151 3 is_stmt 1 view .LVU34
 152:Drivers/STM32WLxx_HAL_Driver/Src/stm32wlxx_hal_dma_ex.c **** 
 153:Drivers/STM32WLxx_HAL_Driver/Src/stm32wlxx_hal_dma_ex.c ****   assert_param(IS_DMAMUX_REQUEST_GEN_SIGNAL_ID(pRequestGeneratorConfig->SignalID));
 136              		.loc 1 153 3 view .LVU35
 154:Drivers/STM32WLxx_HAL_Driver/Src/stm32wlxx_hal_dma_ex.c **** 
 155:Drivers/STM32WLxx_HAL_Driver/Src/stm32wlxx_hal_dma_ex.c ****   assert_param(IS_DMAMUX_REQUEST_GEN_POLARITY(pRequestGeneratorConfig->Polarity));
 137              		.loc 1 155 3 view .LVU36
 156:Drivers/STM32WLxx_HAL_Driver/Src/stm32wlxx_hal_dma_ex.c ****   assert_param(IS_DMAMUX_REQUEST_GEN_REQUEST_NUMBER(pRequestGeneratorConfig->RequestNumber));
 138              		.loc 1 156 3 view .LVU37
 157:Drivers/STM32WLxx_HAL_Driver/Src/stm32wlxx_hal_dma_ex.c **** 
 158:Drivers/STM32WLxx_HAL_Driver/Src/stm32wlxx_hal_dma_ex.c ****   /* check if the DMA state is ready
 159:Drivers/STM32WLxx_HAL_Driver/Src/stm32wlxx_hal_dma_ex.c ****      and DMA is using a DMAMUX request generator block
 160:Drivers/STM32WLxx_HAL_Driver/Src/stm32wlxx_hal_dma_ex.c ****   */
 161:Drivers/STM32WLxx_HAL_Driver/Src/stm32wlxx_hal_dma_ex.c ****   if (hdma->DMAmuxRequestGen == NULL)
 139              		.loc 1 161 3 view .LVU38
 140              		.loc 1 161 11 is_stmt 0 view .LVU39
 141 0004 426D     		ldr	r2, [r0, #84]
 142              		.loc 1 161 6 view .LVU40
 143 0006 62B1     		cbz	r2, .L17
 146:Drivers/STM32WLxx_HAL_Driver/Src/stm32wlxx_hal_dma_ex.c ****   HAL_StatusTypeDef status;
 144              		.loc 1 146 1 view .LVU41
 145 0008 10B4     		push	{r4}
 146              		.cfi_def_cfa_offset 4
 147              		.cfi_offset 4, -4
 148 000a DBB2     		uxtb	r3, r3
 162:Drivers/STM32WLxx_HAL_Driver/Src/stm32wlxx_hal_dma_ex.c ****   {
 163:Drivers/STM32WLxx_HAL_Driver/Src/stm32wlxx_hal_dma_ex.c ****     /* Set the error code to busy */
 164:Drivers/STM32WLxx_HAL_Driver/Src/stm32wlxx_hal_dma_ex.c ****     hdma->ErrorCode = HAL_DMA_ERROR_PARAM;
 165:Drivers/STM32WLxx_HAL_Driver/Src/stm32wlxx_hal_dma_ex.c **** 
 166:Drivers/STM32WLxx_HAL_Driver/Src/stm32wlxx_hal_dma_ex.c ****     /* error status */
 167:Drivers/STM32WLxx_HAL_Driver/Src/stm32wlxx_hal_dma_ex.c ****     status = HAL_ERROR;
 168:Drivers/STM32WLxx_HAL_Driver/Src/stm32wlxx_hal_dma_ex.c ****   }
 169:Drivers/STM32WLxx_HAL_Driver/Src/stm32wlxx_hal_dma_ex.c ****   else if (((hdma->DMAmuxRequestGen->RGCR & DMAMUX_RGxCR_GE) == 0U) && (temp_state == HAL_DMA_STATE
 149              		.loc 1 169 8 is_stmt 1 view .LVU42
 150              		.loc 1 169 36 is_stmt 0 view .LVU43
 151 000c 1468     		ldr	r4, [r2]
 152              		.loc 1 169 11 view .LVU44
 153 000e 14F4803F 		tst	r4, #65536
 154 0012 01D1     		bne	.L12
 155              		.loc 1 169 69 discriminator 1 view .LVU45
 156 0014 012B     		cmp	r3, #1
 157 0016 08D0     		beq	.L18
 158              	.L12:
 170:Drivers/STM32WLxx_HAL_Driver/Src/stm32wlxx_hal_dma_ex.c ****   {
 171:Drivers/STM32WLxx_HAL_Driver/Src/stm32wlxx_hal_dma_ex.c ****     /* RequestGenerator must be disable prior to the configuration i.e GE bit is 0 */
 172:Drivers/STM32WLxx_HAL_Driver/Src/stm32wlxx_hal_dma_ex.c **** 
 173:Drivers/STM32WLxx_HAL_Driver/Src/stm32wlxx_hal_dma_ex.c ****     /* Process Locked */
 174:Drivers/STM32WLxx_HAL_Driver/Src/stm32wlxx_hal_dma_ex.c ****     __HAL_LOCK(hdma);
 175:Drivers/STM32WLxx_HAL_Driver/Src/stm32wlxx_hal_dma_ex.c **** 
 176:Drivers/STM32WLxx_HAL_Driver/Src/stm32wlxx_hal_dma_ex.c ****     /* Set the request generator new parameters*/
 177:Drivers/STM32WLxx_HAL_Driver/Src/stm32wlxx_hal_dma_ex.c ****     hdma->DMAmuxRequestGen->RGCR = pRequestGeneratorConfig->SignalID | \
 178:Drivers/STM32WLxx_HAL_Driver/Src/stm32wlxx_hal_dma_ex.c ****                                    ((pRequestGeneratorConfig->RequestNumber - 1U) << DMAMUX_RGxCR_G
 179:Drivers/STM32WLxx_HAL_Driver/Src/stm32wlxx_hal_dma_ex.c ****                                    pRequestGeneratorConfig->Polarity;
ARM GAS  C:\Users\DAVID~1.FOB\AppData\Local\Temp\ccyN29Y2.s 			page 7


 180:Drivers/STM32WLxx_HAL_Driver/Src/stm32wlxx_hal_dma_ex.c ****     /* Process UnLocked */
 181:Drivers/STM32WLxx_HAL_Driver/Src/stm32wlxx_hal_dma_ex.c ****     __HAL_UNLOCK(hdma);
 182:Drivers/STM32WLxx_HAL_Driver/Src/stm32wlxx_hal_dma_ex.c **** 
 183:Drivers/STM32WLxx_HAL_Driver/Src/stm32wlxx_hal_dma_ex.c ****     return HAL_OK;
 184:Drivers/STM32WLxx_HAL_Driver/Src/stm32wlxx_hal_dma_ex.c ****   }
 185:Drivers/STM32WLxx_HAL_Driver/Src/stm32wlxx_hal_dma_ex.c ****   else
 186:Drivers/STM32WLxx_HAL_Driver/Src/stm32wlxx_hal_dma_ex.c ****   {
 187:Drivers/STM32WLxx_HAL_Driver/Src/stm32wlxx_hal_dma_ex.c ****     /* Set the error code to busy */
 188:Drivers/STM32WLxx_HAL_Driver/Src/stm32wlxx_hal_dma_ex.c ****     hdma->ErrorCode = HAL_DMA_ERROR_BUSY;
 159              		.loc 1 188 5 is_stmt 1 view .LVU46
 160              		.loc 1 188 21 is_stmt 0 view .LVU47
 161 0018 8023     		movs	r3, #128
 162              	.LVL9:
 163              		.loc 1 188 21 view .LVU48
 164 001a C363     		str	r3, [r0, #60]
 189:Drivers/STM32WLxx_HAL_Driver/Src/stm32wlxx_hal_dma_ex.c **** 
 190:Drivers/STM32WLxx_HAL_Driver/Src/stm32wlxx_hal_dma_ex.c ****     /* error status */
 191:Drivers/STM32WLxx_HAL_Driver/Src/stm32wlxx_hal_dma_ex.c ****     status = HAL_ERROR;
 165              		.loc 1 191 5 is_stmt 1 view .LVU49
 166              	.LVL10:
 192:Drivers/STM32WLxx_HAL_Driver/Src/stm32wlxx_hal_dma_ex.c ****   }
 193:Drivers/STM32WLxx_HAL_Driver/Src/stm32wlxx_hal_dma_ex.c **** 
 194:Drivers/STM32WLxx_HAL_Driver/Src/stm32wlxx_hal_dma_ex.c ****   return status;
 167              		.loc 1 194 10 is_stmt 0 view .LVU50
 168 001c 0120     		movs	r0, #1
 169              	.LVL11:
 170              	.L11:
 195:Drivers/STM32WLxx_HAL_Driver/Src/stm32wlxx_hal_dma_ex.c **** }
 171              		.loc 1 195 1 view .LVU51
 172 001e 10BC     		pop	{r4}
 173              		.cfi_restore 4
 174              		.cfi_def_cfa_offset 0
 175 0020 7047     		bx	lr
 176              	.LVL12:
 177              	.L17:
 164:Drivers/STM32WLxx_HAL_Driver/Src/stm32wlxx_hal_dma_ex.c **** 
 178              		.loc 1 164 5 is_stmt 1 view .LVU52
 164:Drivers/STM32WLxx_HAL_Driver/Src/stm32wlxx_hal_dma_ex.c **** 
 179              		.loc 1 164 21 is_stmt 0 view .LVU53
 180 0022 4023     		movs	r3, #64
 181              	.LVL13:
 164:Drivers/STM32WLxx_HAL_Driver/Src/stm32wlxx_hal_dma_ex.c **** 
 182              		.loc 1 164 21 view .LVU54
 183 0024 C363     		str	r3, [r0, #60]
 167:Drivers/STM32WLxx_HAL_Driver/Src/stm32wlxx_hal_dma_ex.c ****   }
 184              		.loc 1 167 5 is_stmt 1 view .LVU55
 185              	.LVL14:
 194:Drivers/STM32WLxx_HAL_Driver/Src/stm32wlxx_hal_dma_ex.c **** }
 186              		.loc 1 194 10 is_stmt 0 view .LVU56
 187 0026 0120     		movs	r0, #1
 188              	.LVL15:
 189              		.loc 1 195 1 view .LVU57
 190 0028 7047     		bx	lr
 191              	.LVL16:
 192              	.L18:
 193              		.cfi_def_cfa_offset 4
 194              		.cfi_offset 4, -4
ARM GAS  C:\Users\DAVID~1.FOB\AppData\Local\Temp\ccyN29Y2.s 			page 8


 174:Drivers/STM32WLxx_HAL_Driver/Src/stm32wlxx_hal_dma_ex.c **** 
 195              		.loc 1 174 5 is_stmt 1 view .LVU58
 174:Drivers/STM32WLxx_HAL_Driver/Src/stm32wlxx_hal_dma_ex.c **** 
 196              		.loc 1 174 5 view .LVU59
 197 002a 90F82430 		ldrb	r3, [r0, #36]	@ zero_extendqisi2
 198              	.LVL17:
 174:Drivers/STM32WLxx_HAL_Driver/Src/stm32wlxx_hal_dma_ex.c **** 
 199              		.loc 1 174 5 is_stmt 0 view .LVU60
 200 002e 012B     		cmp	r3, #1
 201 0030 0FD0     		beq	.L13
 174:Drivers/STM32WLxx_HAL_Driver/Src/stm32wlxx_hal_dma_ex.c **** 
 202              		.loc 1 174 5 is_stmt 1 discriminator 2 view .LVU61
 203 0032 0123     		movs	r3, #1
 204 0034 80F82430 		strb	r3, [r0, #36]
 174:Drivers/STM32WLxx_HAL_Driver/Src/stm32wlxx_hal_dma_ex.c **** 
 205              		.loc 1 174 5 discriminator 2 view .LVU62
 177:Drivers/STM32WLxx_HAL_Driver/Src/stm32wlxx_hal_dma_ex.c ****                                    ((pRequestGeneratorConfig->RequestNumber - 1U) << DMAMUX_RGxCR_G
 206              		.loc 1 177 5 discriminator 2 view .LVU63
 177:Drivers/STM32WLxx_HAL_Driver/Src/stm32wlxx_hal_dma_ex.c ****                                    ((pRequestGeneratorConfig->RequestNumber - 1U) << DMAMUX_RGxCR_G
 207              		.loc 1 177 59 is_stmt 0 discriminator 2 view .LVU64
 208 0038 0B68     		ldr	r3, [r1]
 178:Drivers/STM32WLxx_HAL_Driver/Src/stm32wlxx_hal_dma_ex.c ****                                    pRequestGeneratorConfig->Polarity;
 209              		.loc 1 178 61 discriminator 2 view .LVU65
 210 003a 8C68     		ldr	r4, [r1, #8]
 178:Drivers/STM32WLxx_HAL_Driver/Src/stm32wlxx_hal_dma_ex.c ****                                    pRequestGeneratorConfig->Polarity;
 211              		.loc 1 178 77 discriminator 2 view .LVU66
 212 003c 013C     		subs	r4, r4, #1
 177:Drivers/STM32WLxx_HAL_Driver/Src/stm32wlxx_hal_dma_ex.c ****                                    ((pRequestGeneratorConfig->RequestNumber - 1U) << DMAMUX_RGxCR_G
 213              		.loc 1 177 70 discriminator 2 view .LVU67
 214 003e 43EAC443 		orr	r3, r3, r4, lsl #19
 179:Drivers/STM32WLxx_HAL_Driver/Src/stm32wlxx_hal_dma_ex.c ****     /* Process UnLocked */
 215              		.loc 1 179 59 discriminator 2 view .LVU68
 216 0042 4968     		ldr	r1, [r1, #4]
 217              	.LVL18:
 178:Drivers/STM32WLxx_HAL_Driver/Src/stm32wlxx_hal_dma_ex.c ****                                    pRequestGeneratorConfig->Polarity;
 218              		.loc 1 178 111 discriminator 2 view .LVU69
 219 0044 0B43     		orrs	r3, r3, r1
 177:Drivers/STM32WLxx_HAL_Driver/Src/stm32wlxx_hal_dma_ex.c ****                                    ((pRequestGeneratorConfig->RequestNumber - 1U) << DMAMUX_RGxCR_G
 220              		.loc 1 177 34 discriminator 2 view .LVU70
 221 0046 1360     		str	r3, [r2]
 181:Drivers/STM32WLxx_HAL_Driver/Src/stm32wlxx_hal_dma_ex.c **** 
 222              		.loc 1 181 5 is_stmt 1 discriminator 2 view .LVU71
 181:Drivers/STM32WLxx_HAL_Driver/Src/stm32wlxx_hal_dma_ex.c **** 
 223              		.loc 1 181 5 discriminator 2 view .LVU72
 224 0048 0023     		movs	r3, #0
 225 004a 80F82430 		strb	r3, [r0, #36]
 181:Drivers/STM32WLxx_HAL_Driver/Src/stm32wlxx_hal_dma_ex.c **** 
 226              		.loc 1 181 5 discriminator 2 view .LVU73
 183:Drivers/STM32WLxx_HAL_Driver/Src/stm32wlxx_hal_dma_ex.c ****   }
 227              		.loc 1 183 5 discriminator 2 view .LVU74
 183:Drivers/STM32WLxx_HAL_Driver/Src/stm32wlxx_hal_dma_ex.c ****   }
 228              		.loc 1 183 12 is_stmt 0 discriminator 2 view .LVU75
 229 004e 1846     		mov	r0, r3
 230              	.LVL19:
 183:Drivers/STM32WLxx_HAL_Driver/Src/stm32wlxx_hal_dma_ex.c ****   }
 231              		.loc 1 183 12 discriminator 2 view .LVU76
 232 0050 E5E7     		b	.L11
ARM GAS  C:\Users\DAVID~1.FOB\AppData\Local\Temp\ccyN29Y2.s 			page 9


 233              	.LVL20:
 234              	.L13:
 174:Drivers/STM32WLxx_HAL_Driver/Src/stm32wlxx_hal_dma_ex.c **** 
 235              		.loc 1 174 5 view .LVU77
 236 0052 0220     		movs	r0, #2
 237              	.LVL21:
 174:Drivers/STM32WLxx_HAL_Driver/Src/stm32wlxx_hal_dma_ex.c **** 
 238              		.loc 1 174 5 view .LVU78
 239 0054 E3E7     		b	.L11
 240              		.cfi_endproc
 241              	.LFE852:
 243              		.section	.text.HAL_DMAEx_EnableMuxRequestGenerator,"ax",%progbits
 244              		.align	1
 245              		.global	HAL_DMAEx_EnableMuxRequestGenerator
 246              		.syntax unified
 247              		.thumb
 248              		.thumb_func
 250              	HAL_DMAEx_EnableMuxRequestGenerator:
 251              	.LVL22:
 252              	.LFB853:
 196:Drivers/STM32WLxx_HAL_Driver/Src/stm32wlxx_hal_dma_ex.c **** 
 197:Drivers/STM32WLxx_HAL_Driver/Src/stm32wlxx_hal_dma_ex.c **** /**
 198:Drivers/STM32WLxx_HAL_Driver/Src/stm32wlxx_hal_dma_ex.c ****   * @brief Enable the DMAMUX request generator block used by the given DMA channel (instance).
 199:Drivers/STM32WLxx_HAL_Driver/Src/stm32wlxx_hal_dma_ex.c ****   * @param hdma Pointer to a DMA_HandleTypeDef structure that contains
 200:Drivers/STM32WLxx_HAL_Driver/Src/stm32wlxx_hal_dma_ex.c ****   *             the configuration information for the specified DMA channel.
 201:Drivers/STM32WLxx_HAL_Driver/Src/stm32wlxx_hal_dma_ex.c ****   * @retval HAL status
 202:Drivers/STM32WLxx_HAL_Driver/Src/stm32wlxx_hal_dma_ex.c ****   */
 203:Drivers/STM32WLxx_HAL_Driver/Src/stm32wlxx_hal_dma_ex.c **** HAL_StatusTypeDef HAL_DMAEx_EnableMuxRequestGenerator(DMA_HandleTypeDef *hdma)
 204:Drivers/STM32WLxx_HAL_Driver/Src/stm32wlxx_hal_dma_ex.c **** {
 253              		.loc 1 204 1 is_stmt 1 view -0
 254              		.cfi_startproc
 255              		@ args = 0, pretend = 0, frame = 0
 256              		@ frame_needed = 0, uses_anonymous_args = 0
 257              		@ link register save eliminated.
 205:Drivers/STM32WLxx_HAL_Driver/Src/stm32wlxx_hal_dma_ex.c ****   /* Check the parameters */
 206:Drivers/STM32WLxx_HAL_Driver/Src/stm32wlxx_hal_dma_ex.c ****   assert_param(IS_DMA_ALL_INSTANCE(hdma->Instance));
 258              		.loc 1 206 3 view .LVU80
 207:Drivers/STM32WLxx_HAL_Driver/Src/stm32wlxx_hal_dma_ex.c **** 
 208:Drivers/STM32WLxx_HAL_Driver/Src/stm32wlxx_hal_dma_ex.c ****   /* check if the DMA state is ready
 209:Drivers/STM32WLxx_HAL_Driver/Src/stm32wlxx_hal_dma_ex.c ****      and DMA is using a DMAMUX request generator block
 210:Drivers/STM32WLxx_HAL_Driver/Src/stm32wlxx_hal_dma_ex.c ****   */
 211:Drivers/STM32WLxx_HAL_Driver/Src/stm32wlxx_hal_dma_ex.c ****   if ((hdma->State != HAL_DMA_STATE_RESET) && (hdma->DMAmuxRequestGen != 0))
 259              		.loc 1 211 3 view .LVU81
 260              		.loc 1 211 12 is_stmt 0 view .LVU82
 261 0000 90F82530 		ldrb	r3, [r0, #37]	@ zero_extendqisi2
 262              		.loc 1 211 6 view .LVU83
 263 0004 3BB1     		cbz	r3, .L21
 264              		.loc 1 211 52 discriminator 1 view .LVU84
 265 0006 436D     		ldr	r3, [r0, #84]
 266              		.loc 1 211 44 discriminator 1 view .LVU85
 267 0008 3BB1     		cbz	r3, .L22
 212:Drivers/STM32WLxx_HAL_Driver/Src/stm32wlxx_hal_dma_ex.c ****   {
 213:Drivers/STM32WLxx_HAL_Driver/Src/stm32wlxx_hal_dma_ex.c **** 
 214:Drivers/STM32WLxx_HAL_Driver/Src/stm32wlxx_hal_dma_ex.c ****     /* Enable the request generator*/
 215:Drivers/STM32WLxx_HAL_Driver/Src/stm32wlxx_hal_dma_ex.c ****     hdma->DMAmuxRequestGen->RGCR |= DMAMUX_RGxCR_GE;
 268              		.loc 1 215 5 is_stmt 1 view .LVU86
 269              		.loc 1 215 27 is_stmt 0 view .LVU87
ARM GAS  C:\Users\DAVID~1.FOB\AppData\Local\Temp\ccyN29Y2.s 			page 10


 270 000a 1A68     		ldr	r2, [r3]
 271              		.loc 1 215 34 view .LVU88
 272 000c 42F48032 		orr	r2, r2, #65536
 273 0010 1A60     		str	r2, [r3]
 216:Drivers/STM32WLxx_HAL_Driver/Src/stm32wlxx_hal_dma_ex.c **** 
 217:Drivers/STM32WLxx_HAL_Driver/Src/stm32wlxx_hal_dma_ex.c ****     return HAL_OK;
 274              		.loc 1 217 5 is_stmt 1 view .LVU89
 275              		.loc 1 217 12 is_stmt 0 view .LVU90
 276 0012 0020     		movs	r0, #0
 277              	.LVL23:
 278              		.loc 1 217 12 view .LVU91
 279 0014 7047     		bx	lr
 280              	.LVL24:
 281              	.L21:
 218:Drivers/STM32WLxx_HAL_Driver/Src/stm32wlxx_hal_dma_ex.c ****   }
 219:Drivers/STM32WLxx_HAL_Driver/Src/stm32wlxx_hal_dma_ex.c ****   else
 220:Drivers/STM32WLxx_HAL_Driver/Src/stm32wlxx_hal_dma_ex.c ****   {
 221:Drivers/STM32WLxx_HAL_Driver/Src/stm32wlxx_hal_dma_ex.c ****     return HAL_ERROR;
 282              		.loc 1 221 12 view .LVU92
 283 0016 0120     		movs	r0, #1
 284              	.LVL25:
 285              		.loc 1 221 12 view .LVU93
 286 0018 7047     		bx	lr
 287              	.LVL26:
 288              	.L22:
 289              		.loc 1 221 12 view .LVU94
 290 001a 0120     		movs	r0, #1
 291              	.LVL27:
 222:Drivers/STM32WLxx_HAL_Driver/Src/stm32wlxx_hal_dma_ex.c ****   }
 223:Drivers/STM32WLxx_HAL_Driver/Src/stm32wlxx_hal_dma_ex.c **** }
 292              		.loc 1 223 1 view .LVU95
 293 001c 7047     		bx	lr
 294              		.cfi_endproc
 295              	.LFE853:
 297              		.section	.text.HAL_DMAEx_DisableMuxRequestGenerator,"ax",%progbits
 298              		.align	1
 299              		.global	HAL_DMAEx_DisableMuxRequestGenerator
 300              		.syntax unified
 301              		.thumb
 302              		.thumb_func
 304              	HAL_DMAEx_DisableMuxRequestGenerator:
 305              	.LVL28:
 306              	.LFB854:
 224:Drivers/STM32WLxx_HAL_Driver/Src/stm32wlxx_hal_dma_ex.c **** 
 225:Drivers/STM32WLxx_HAL_Driver/Src/stm32wlxx_hal_dma_ex.c **** /**
 226:Drivers/STM32WLxx_HAL_Driver/Src/stm32wlxx_hal_dma_ex.c ****   * @brief Disable the DMAMUX request generator block used by the given DMA channel (instance).
 227:Drivers/STM32WLxx_HAL_Driver/Src/stm32wlxx_hal_dma_ex.c ****   * @param hdma Pointer to a DMA_HandleTypeDef structure that contains
 228:Drivers/STM32WLxx_HAL_Driver/Src/stm32wlxx_hal_dma_ex.c ****   *             the configuration information for the specified DMA channel.
 229:Drivers/STM32WLxx_HAL_Driver/Src/stm32wlxx_hal_dma_ex.c ****   * @retval HAL status
 230:Drivers/STM32WLxx_HAL_Driver/Src/stm32wlxx_hal_dma_ex.c ****   */
 231:Drivers/STM32WLxx_HAL_Driver/Src/stm32wlxx_hal_dma_ex.c **** HAL_StatusTypeDef HAL_DMAEx_DisableMuxRequestGenerator(DMA_HandleTypeDef *hdma)
 232:Drivers/STM32WLxx_HAL_Driver/Src/stm32wlxx_hal_dma_ex.c **** {
 307              		.loc 1 232 1 is_stmt 1 view -0
 308              		.cfi_startproc
 309              		@ args = 0, pretend = 0, frame = 0
 310              		@ frame_needed = 0, uses_anonymous_args = 0
 311              		@ link register save eliminated.
ARM GAS  C:\Users\DAVID~1.FOB\AppData\Local\Temp\ccyN29Y2.s 			page 11


 233:Drivers/STM32WLxx_HAL_Driver/Src/stm32wlxx_hal_dma_ex.c ****   /* Check the parameters */
 234:Drivers/STM32WLxx_HAL_Driver/Src/stm32wlxx_hal_dma_ex.c ****   assert_param(IS_DMA_ALL_INSTANCE(hdma->Instance));
 312              		.loc 1 234 3 view .LVU97
 235:Drivers/STM32WLxx_HAL_Driver/Src/stm32wlxx_hal_dma_ex.c **** 
 236:Drivers/STM32WLxx_HAL_Driver/Src/stm32wlxx_hal_dma_ex.c ****   /* check if the DMA state is ready
 237:Drivers/STM32WLxx_HAL_Driver/Src/stm32wlxx_hal_dma_ex.c ****      and DMA is using a DMAMUX request generator block
 238:Drivers/STM32WLxx_HAL_Driver/Src/stm32wlxx_hal_dma_ex.c ****   */
 239:Drivers/STM32WLxx_HAL_Driver/Src/stm32wlxx_hal_dma_ex.c ****   if ((hdma->State != HAL_DMA_STATE_RESET) && (hdma->DMAmuxRequestGen != 0))
 313              		.loc 1 239 3 view .LVU98
 314              		.loc 1 239 12 is_stmt 0 view .LVU99
 315 0000 90F82530 		ldrb	r3, [r0, #37]	@ zero_extendqisi2
 316              		.loc 1 239 6 view .LVU100
 317 0004 3BB1     		cbz	r3, .L25
 318              		.loc 1 239 52 discriminator 1 view .LVU101
 319 0006 436D     		ldr	r3, [r0, #84]
 320              		.loc 1 239 44 discriminator 1 view .LVU102
 321 0008 3BB1     		cbz	r3, .L26
 240:Drivers/STM32WLxx_HAL_Driver/Src/stm32wlxx_hal_dma_ex.c ****   {
 241:Drivers/STM32WLxx_HAL_Driver/Src/stm32wlxx_hal_dma_ex.c **** 
 242:Drivers/STM32WLxx_HAL_Driver/Src/stm32wlxx_hal_dma_ex.c ****     /* Disable the request generator*/
 243:Drivers/STM32WLxx_HAL_Driver/Src/stm32wlxx_hal_dma_ex.c ****     hdma->DMAmuxRequestGen->RGCR &= ~DMAMUX_RGxCR_GE;
 322              		.loc 1 243 5 is_stmt 1 view .LVU103
 323              		.loc 1 243 27 is_stmt 0 view .LVU104
 324 000a 1A68     		ldr	r2, [r3]
 325              		.loc 1 243 34 view .LVU105
 326 000c 22F48032 		bic	r2, r2, #65536
 327 0010 1A60     		str	r2, [r3]
 244:Drivers/STM32WLxx_HAL_Driver/Src/stm32wlxx_hal_dma_ex.c **** 
 245:Drivers/STM32WLxx_HAL_Driver/Src/stm32wlxx_hal_dma_ex.c ****     return HAL_OK;
 328              		.loc 1 245 5 is_stmt 1 view .LVU106
 329              		.loc 1 245 12 is_stmt 0 view .LVU107
 330 0012 0020     		movs	r0, #0
 331              	.LVL29:
 332              		.loc 1 245 12 view .LVU108
 333 0014 7047     		bx	lr
 334              	.LVL30:
 335              	.L25:
 246:Drivers/STM32WLxx_HAL_Driver/Src/stm32wlxx_hal_dma_ex.c ****   }
 247:Drivers/STM32WLxx_HAL_Driver/Src/stm32wlxx_hal_dma_ex.c ****   else
 248:Drivers/STM32WLxx_HAL_Driver/Src/stm32wlxx_hal_dma_ex.c ****   {
 249:Drivers/STM32WLxx_HAL_Driver/Src/stm32wlxx_hal_dma_ex.c ****     return HAL_ERROR;
 336              		.loc 1 249 12 view .LVU109
 337 0016 0120     		movs	r0, #1
 338              	.LVL31:
 339              		.loc 1 249 12 view .LVU110
 340 0018 7047     		bx	lr
 341              	.LVL32:
 342              	.L26:
 343              		.loc 1 249 12 view .LVU111
 344 001a 0120     		movs	r0, #1
 345              	.LVL33:
 250:Drivers/STM32WLxx_HAL_Driver/Src/stm32wlxx_hal_dma_ex.c ****   }
 251:Drivers/STM32WLxx_HAL_Driver/Src/stm32wlxx_hal_dma_ex.c **** }
 346              		.loc 1 251 1 view .LVU112
 347 001c 7047     		bx	lr
 348              		.cfi_endproc
 349              	.LFE854:
ARM GAS  C:\Users\DAVID~1.FOB\AppData\Local\Temp\ccyN29Y2.s 			page 12


 351              		.section	.text.HAL_DMAEx_MUX_IRQHandler,"ax",%progbits
 352              		.align	1
 353              		.global	HAL_DMAEx_MUX_IRQHandler
 354              		.syntax unified
 355              		.thumb
 356              		.thumb_func
 358              	HAL_DMAEx_MUX_IRQHandler:
 359              	.LVL34:
 360              	.LFB855:
 252:Drivers/STM32WLxx_HAL_Driver/Src/stm32wlxx_hal_dma_ex.c **** 
 253:Drivers/STM32WLxx_HAL_Driver/Src/stm32wlxx_hal_dma_ex.c **** /**
 254:Drivers/STM32WLxx_HAL_Driver/Src/stm32wlxx_hal_dma_ex.c ****   * @brief Handles DMAMUX interrupt request.
 255:Drivers/STM32WLxx_HAL_Driver/Src/stm32wlxx_hal_dma_ex.c ****   * @param hdma Pointer to a DMA_HandleTypeDef structure that contains
 256:Drivers/STM32WLxx_HAL_Driver/Src/stm32wlxx_hal_dma_ex.c ****   *             the configuration information for the specified DMA channel.
 257:Drivers/STM32WLxx_HAL_Driver/Src/stm32wlxx_hal_dma_ex.c ****   * @retval None
 258:Drivers/STM32WLxx_HAL_Driver/Src/stm32wlxx_hal_dma_ex.c ****   */
 259:Drivers/STM32WLxx_HAL_Driver/Src/stm32wlxx_hal_dma_ex.c **** void HAL_DMAEx_MUX_IRQHandler(DMA_HandleTypeDef *hdma)
 260:Drivers/STM32WLxx_HAL_Driver/Src/stm32wlxx_hal_dma_ex.c **** {
 361              		.loc 1 260 1 is_stmt 1 view -0
 362              		.cfi_startproc
 363              		@ args = 0, pretend = 0, frame = 0
 364              		@ frame_needed = 0, uses_anonymous_args = 0
 365              		.loc 1 260 1 is_stmt 0 view .LVU114
 366 0000 10B5     		push	{r4, lr}
 367              		.cfi_def_cfa_offset 8
 368              		.cfi_offset 4, -8
 369              		.cfi_offset 14, -4
 370 0002 0446     		mov	r4, r0
 261:Drivers/STM32WLxx_HAL_Driver/Src/stm32wlxx_hal_dma_ex.c ****   /* Check for DMAMUX Synchronization overrun */
 262:Drivers/STM32WLxx_HAL_Driver/Src/stm32wlxx_hal_dma_ex.c ****   if ((hdma->DMAmuxChannelStatus->CSR & hdma->DMAmuxChannelStatusMask) != 0U)
 371              		.loc 1 262 3 is_stmt 1 view .LVU115
 372              		.loc 1 262 12 is_stmt 0 view .LVU116
 373 0004 C36C     		ldr	r3, [r0, #76]
 374              		.loc 1 262 33 view .LVU117
 375 0006 1A68     		ldr	r2, [r3]
 376              		.loc 1 262 45 view .LVU118
 377 0008 036D     		ldr	r3, [r0, #80]
 378              		.loc 1 262 6 view .LVU119
 379 000a 1A42     		tst	r2, r3
 380 000c 0ED0     		beq	.L28
 263:Drivers/STM32WLxx_HAL_Driver/Src/stm32wlxx_hal_dma_ex.c ****   {
 264:Drivers/STM32WLxx_HAL_Driver/Src/stm32wlxx_hal_dma_ex.c ****     /* Disable the synchro overrun interrupt */
 265:Drivers/STM32WLxx_HAL_Driver/Src/stm32wlxx_hal_dma_ex.c ****     hdma->DMAmuxChannel->CCR &= ~DMAMUX_CxCR_SOIE;
 381              		.loc 1 265 5 is_stmt 1 view .LVU120
 382              		.loc 1 265 9 is_stmt 0 view .LVU121
 383 000e 826C     		ldr	r2, [r0, #72]
 384              		.loc 1 265 24 view .LVU122
 385 0010 1368     		ldr	r3, [r2]
 386              		.loc 1 265 30 view .LVU123
 387 0012 23F48073 		bic	r3, r3, #256
 388 0016 1360     		str	r3, [r2]
 266:Drivers/STM32WLxx_HAL_Driver/Src/stm32wlxx_hal_dma_ex.c **** 
 267:Drivers/STM32WLxx_HAL_Driver/Src/stm32wlxx_hal_dma_ex.c ****     /* Clear the DMAMUX synchro overrun flag */
 268:Drivers/STM32WLxx_HAL_Driver/Src/stm32wlxx_hal_dma_ex.c ****     hdma->DMAmuxChannelStatus->CFR = hdma->DMAmuxChannelStatusMask;
 389              		.loc 1 268 5 is_stmt 1 view .LVU124
 390              		.loc 1 268 9 is_stmt 0 view .LVU125
 391 0018 C36C     		ldr	r3, [r0, #76]
ARM GAS  C:\Users\DAVID~1.FOB\AppData\Local\Temp\ccyN29Y2.s 			page 13


 392              		.loc 1 268 42 view .LVU126
 393 001a 026D     		ldr	r2, [r0, #80]
 394              		.loc 1 268 36 view .LVU127
 395 001c 5A60     		str	r2, [r3, #4]
 269:Drivers/STM32WLxx_HAL_Driver/Src/stm32wlxx_hal_dma_ex.c **** 
 270:Drivers/STM32WLxx_HAL_Driver/Src/stm32wlxx_hal_dma_ex.c ****     /* Update error code */
 271:Drivers/STM32WLxx_HAL_Driver/Src/stm32wlxx_hal_dma_ex.c ****     hdma->ErrorCode |= HAL_DMA_ERROR_SYNC;
 396              		.loc 1 271 5 is_stmt 1 view .LVU128
 397              		.loc 1 271 9 is_stmt 0 view .LVU129
 398 001e C36B     		ldr	r3, [r0, #60]
 399              		.loc 1 271 21 view .LVU130
 400 0020 43F40073 		orr	r3, r3, #512
 401 0024 C363     		str	r3, [r0, #60]
 272:Drivers/STM32WLxx_HAL_Driver/Src/stm32wlxx_hal_dma_ex.c **** 
 273:Drivers/STM32WLxx_HAL_Driver/Src/stm32wlxx_hal_dma_ex.c ****     if (hdma->XferErrorCallback != NULL)
 402              		.loc 1 273 5 is_stmt 1 view .LVU131
 403              		.loc 1 273 13 is_stmt 0 view .LVU132
 404 0026 436B     		ldr	r3, [r0, #52]
 405              		.loc 1 273 8 view .LVU133
 406 0028 03B1     		cbz	r3, .L28
 274:Drivers/STM32WLxx_HAL_Driver/Src/stm32wlxx_hal_dma_ex.c ****     {
 275:Drivers/STM32WLxx_HAL_Driver/Src/stm32wlxx_hal_dma_ex.c ****       /* Transfer error callback */
 276:Drivers/STM32WLxx_HAL_Driver/Src/stm32wlxx_hal_dma_ex.c ****       hdma->XferErrorCallback(hdma);
 407              		.loc 1 276 7 is_stmt 1 view .LVU134
 408 002a 9847     		blx	r3
 409              	.LVL35:
 410              	.L28:
 277:Drivers/STM32WLxx_HAL_Driver/Src/stm32wlxx_hal_dma_ex.c ****     }
 278:Drivers/STM32WLxx_HAL_Driver/Src/stm32wlxx_hal_dma_ex.c ****   }
 279:Drivers/STM32WLxx_HAL_Driver/Src/stm32wlxx_hal_dma_ex.c **** 
 280:Drivers/STM32WLxx_HAL_Driver/Src/stm32wlxx_hal_dma_ex.c ****   if (hdma->DMAmuxRequestGen != 0)
 411              		.loc 1 280 3 view .LVU135
 412              		.loc 1 280 11 is_stmt 0 view .LVU136
 413 002c 636D     		ldr	r3, [r4, #84]
 414              		.loc 1 280 6 view .LVU137
 415 002e 9BB1     		cbz	r3, .L27
 281:Drivers/STM32WLxx_HAL_Driver/Src/stm32wlxx_hal_dma_ex.c ****   {
 282:Drivers/STM32WLxx_HAL_Driver/Src/stm32wlxx_hal_dma_ex.c ****     /* if using a DMAMUX request generator block Check for DMAMUX request generator overrun */
 283:Drivers/STM32WLxx_HAL_Driver/Src/stm32wlxx_hal_dma_ex.c ****     if ((hdma->DMAmuxRequestGenStatus->RGSR & hdma->DMAmuxRequestGenStatusMask) != 0U)
 416              		.loc 1 283 5 is_stmt 1 view .LVU138
 417              		.loc 1 283 14 is_stmt 0 view .LVU139
 418 0030 A26D     		ldr	r2, [r4, #88]
 419              		.loc 1 283 38 view .LVU140
 420 0032 1168     		ldr	r1, [r2]
 421              		.loc 1 283 51 view .LVU141
 422 0034 E26D     		ldr	r2, [r4, #92]
 423              		.loc 1 283 8 view .LVU142
 424 0036 1142     		tst	r1, r2
 425 0038 0ED0     		beq	.L27
 284:Drivers/STM32WLxx_HAL_Driver/Src/stm32wlxx_hal_dma_ex.c ****     {
 285:Drivers/STM32WLxx_HAL_Driver/Src/stm32wlxx_hal_dma_ex.c ****       /* Disable the request gen overrun interrupt */
 286:Drivers/STM32WLxx_HAL_Driver/Src/stm32wlxx_hal_dma_ex.c ****       hdma->DMAmuxRequestGen->RGCR &= ~DMAMUX_RGxCR_OIE;
 426              		.loc 1 286 7 is_stmt 1 view .LVU143
 427              		.loc 1 286 29 is_stmt 0 view .LVU144
 428 003a 1A68     		ldr	r2, [r3]
 429              		.loc 1 286 36 view .LVU145
 430 003c 22F48072 		bic	r2, r2, #256
ARM GAS  C:\Users\DAVID~1.FOB\AppData\Local\Temp\ccyN29Y2.s 			page 14


 431 0040 1A60     		str	r2, [r3]
 287:Drivers/STM32WLxx_HAL_Driver/Src/stm32wlxx_hal_dma_ex.c **** 
 288:Drivers/STM32WLxx_HAL_Driver/Src/stm32wlxx_hal_dma_ex.c ****       /* Clear the DMAMUX request generator overrun flag */
 289:Drivers/STM32WLxx_HAL_Driver/Src/stm32wlxx_hal_dma_ex.c ****       hdma->DMAmuxRequestGenStatus->RGCFR = hdma->DMAmuxRequestGenStatusMask;
 432              		.loc 1 289 7 is_stmt 1 view .LVU146
 433              		.loc 1 289 11 is_stmt 0 view .LVU147
 434 0042 A36D     		ldr	r3, [r4, #88]
 435              		.loc 1 289 49 view .LVU148
 436 0044 E26D     		ldr	r2, [r4, #92]
 437              		.loc 1 289 43 view .LVU149
 438 0046 5A60     		str	r2, [r3, #4]
 290:Drivers/STM32WLxx_HAL_Driver/Src/stm32wlxx_hal_dma_ex.c **** 
 291:Drivers/STM32WLxx_HAL_Driver/Src/stm32wlxx_hal_dma_ex.c ****       /* Update error code */
 292:Drivers/STM32WLxx_HAL_Driver/Src/stm32wlxx_hal_dma_ex.c ****       hdma->ErrorCode |= HAL_DMA_ERROR_REQGEN;
 439              		.loc 1 292 7 is_stmt 1 view .LVU150
 440              		.loc 1 292 11 is_stmt 0 view .LVU151
 441 0048 E36B     		ldr	r3, [r4, #60]
 442              		.loc 1 292 23 view .LVU152
 443 004a 43F48063 		orr	r3, r3, #1024
 444 004e E363     		str	r3, [r4, #60]
 293:Drivers/STM32WLxx_HAL_Driver/Src/stm32wlxx_hal_dma_ex.c **** 
 294:Drivers/STM32WLxx_HAL_Driver/Src/stm32wlxx_hal_dma_ex.c ****       if (hdma->XferErrorCallback != NULL)
 445              		.loc 1 294 7 is_stmt 1 view .LVU153
 446              		.loc 1 294 15 is_stmt 0 view .LVU154
 447 0050 636B     		ldr	r3, [r4, #52]
 448              		.loc 1 294 10 view .LVU155
 449 0052 0BB1     		cbz	r3, .L27
 295:Drivers/STM32WLxx_HAL_Driver/Src/stm32wlxx_hal_dma_ex.c ****       {
 296:Drivers/STM32WLxx_HAL_Driver/Src/stm32wlxx_hal_dma_ex.c ****         /* Transfer error callback */
 297:Drivers/STM32WLxx_HAL_Driver/Src/stm32wlxx_hal_dma_ex.c ****         hdma->XferErrorCallback(hdma);
 450              		.loc 1 297 9 is_stmt 1 view .LVU156
 451 0054 2046     		mov	r0, r4
 452 0056 9847     		blx	r3
 453              	.LVL36:
 454              	.L27:
 298:Drivers/STM32WLxx_HAL_Driver/Src/stm32wlxx_hal_dma_ex.c ****       }
 299:Drivers/STM32WLxx_HAL_Driver/Src/stm32wlxx_hal_dma_ex.c ****     }
 300:Drivers/STM32WLxx_HAL_Driver/Src/stm32wlxx_hal_dma_ex.c ****   }
 301:Drivers/STM32WLxx_HAL_Driver/Src/stm32wlxx_hal_dma_ex.c **** }
 455              		.loc 1 301 1 is_stmt 0 view .LVU157
 456 0058 10BD     		pop	{r4, pc}
 457              		.loc 1 301 1 view .LVU158
 458              		.cfi_endproc
 459              	.LFE855:
 461              		.text
 462              	.Letext0:
 463              		.file 2 "c:\\users\\david.fobar\\appdata\\roaming\\code\\user\\globalstorage\\bmd.stm32-for-vscode
 464              		.file 3 "c:\\users\\david.fobar\\appdata\\roaming\\code\\user\\globalstorage\\bmd.stm32-for-vscode
 465              		.file 4 "Drivers/CMSIS/Device/ST/STM32WLxx/Include/stm32wle5xx.h"
 466              		.file 5 "Drivers/CMSIS/Device/ST/STM32WLxx/Include/stm32wlxx.h"
 467              		.file 6 "Drivers/STM32WLxx_HAL_Driver/Inc/stm32wlxx_hal_def.h"
 468              		.file 7 "Drivers/STM32WLxx_HAL_Driver/Inc/stm32wlxx_hal_dma.h"
 469              		.file 8 "Drivers/STM32WLxx_HAL_Driver/Inc/stm32wlxx_hal_dma_ex.h"
 470              		.file 9 "Drivers/STM32WLxx_HAL_Driver/Inc/stm32wlxx_ll_dma.h"
ARM GAS  C:\Users\DAVID~1.FOB\AppData\Local\Temp\ccyN29Y2.s 			page 15


DEFINED SYMBOLS
                            *ABS*:00000000 stm32wlxx_hal_dma_ex.c
C:\Users\DAVID~1.FOB\AppData\Local\Temp\ccyN29Y2.s:19     .text.HAL_DMAEx_ConfigMuxSync:00000000 $t
C:\Users\DAVID~1.FOB\AppData\Local\Temp\ccyN29Y2.s:25     .text.HAL_DMAEx_ConfigMuxSync:00000000 HAL_DMAEx_ConfigMuxSync
C:\Users\DAVID~1.FOB\AppData\Local\Temp\ccyN29Y2.s:116    .text.HAL_DMAEx_ConfigMuxRequestGenerator:00000000 $t
C:\Users\DAVID~1.FOB\AppData\Local\Temp\ccyN29Y2.s:122    .text.HAL_DMAEx_ConfigMuxRequestGenerator:00000000 HAL_DMAEx_ConfigMuxRequestGenerator
C:\Users\DAVID~1.FOB\AppData\Local\Temp\ccyN29Y2.s:244    .text.HAL_DMAEx_EnableMuxRequestGenerator:00000000 $t
C:\Users\DAVID~1.FOB\AppData\Local\Temp\ccyN29Y2.s:250    .text.HAL_DMAEx_EnableMuxRequestGenerator:00000000 HAL_DMAEx_EnableMuxRequestGenerator
C:\Users\DAVID~1.FOB\AppData\Local\Temp\ccyN29Y2.s:298    .text.HAL_DMAEx_DisableMuxRequestGenerator:00000000 $t
C:\Users\DAVID~1.FOB\AppData\Local\Temp\ccyN29Y2.s:304    .text.HAL_DMAEx_DisableMuxRequestGenerator:00000000 HAL_DMAEx_DisableMuxRequestGenerator
C:\Users\DAVID~1.FOB\AppData\Local\Temp\ccyN29Y2.s:352    .text.HAL_DMAEx_MUX_IRQHandler:00000000 $t
C:\Users\DAVID~1.FOB\AppData\Local\Temp\ccyN29Y2.s:358    .text.HAL_DMAEx_MUX_IRQHandler:00000000 HAL_DMAEx_MUX_IRQHandler

NO UNDEFINED SYMBOLS
