ARM GAS  C:\Users\DAVID~1.FOB\AppData\Local\Temp\ccRCscgI.s 			page 1


   1              		.cpu cortex-m4
   2              		.arch armv7e-m
   3              		.fpu softvfp
   4              		.eabi_attribute 20, 1
   5              		.eabi_attribute 21, 1
   6              		.eabi_attribute 23, 3
   7              		.eabi_attribute 24, 1
   8              		.eabi_attribute 25, 1
   9              		.eabi_attribute 26, 1
  10              		.eabi_attribute 30, 1
  11              		.eabi_attribute 34, 1
  12              		.eabi_attribute 18, 4
  13              		.file	"stm32wlxx_hal_tim_ex.c"
  14              		.text
  15              	.Ltext0:
  16              		.cfi_sections	.debug_frame
  17              		.file 1 "Drivers/STM32WLxx_HAL_Driver/Src/stm32wlxx_hal_tim_ex.c"
  18              	.Letext0:
  19              		.file 2 "c:\\users\\david.fobar\\appdata\\roaming\\code\\user\\globalstorage\\bmd.stm32-for-vscode
  20              		.file 3 "c:\\users\\david.fobar\\appdata\\roaming\\code\\user\\globalstorage\\bmd.stm32-for-vscode
  21              		.file 4 "Drivers/STM32WLxx_HAL_Driver/Inc/stm32wlxx_ll_dma.h"
ARM GAS  C:\Users\DAVID~1.FOB\AppData\Local\Temp\ccRCscgI.s 			page 2


DEFINED SYMBOLS
                            *ABS*:00000000 stm32wlxx_hal_tim_ex.c

NO UNDEFINED SYMBOLS
